<?xml version="1.0" encoding="UTF-8"?>
<!-- Generated by org.testng.reporters.JUnitXMLReporter -->
<testsuite ignored="0" hostname="Zeus" failures="0" tests="2" name="AutomationPracticeApp" time="12.047" errors="0" timestamp="2024-02-29T14:24:26 IST">
  <testcase classname="org.project.qa.testcases.Login" name="verifyWithInvalidCredentials" time="6.449"/>
  <testcase classname="org.project.qa.testcases.Login" name="verifyWithValidCredentials" time="5.507"/>
</testsuite> <!-- AutomationPracticeApp -->
