<?xml version="1.0" encoding="UTF-8"?>
<testng-results ignored="0" total="4" passed="4" failed="0" skipped="0">
  <reporter-output>
  </reporter-output>
  <suite started-at="2024-03-08T09:25:30 IST" name="Default Suite" finished-at="2024-03-08T09:25:44 IST" duration-ms="14386">
    <groups>
    </groups>
    <test started-at="2024-03-08T09:25:30 IST" name="AutomationPracticeApp" finished-at="2024-03-08T09:25:44 IST" duration-ms="14386">
      <class name="org.project.qa.testcases.Register">
        <test-method is-config="true" signature="openUrl()[pri:0, instance:org.project.qa.testcases.Register@2cd2a21f]" started-at="2024-03-08T09:25:30 IST" name="openUrl" finished-at="2024-03-08T09:25:34 IST" duration-ms="4158" status="PASS">
          <reporter-output>
          </reporter-output>
        </test-method> <!-- openUrl -->
        <test-method signature="verifyRegisteringAnAccountWithMandatoryField()[pri:1, instance:org.project.qa.testcases.Register@2cd2a21f]" started-at="2024-03-08T09:25:34 IST" name="verifyRegisteringAnAccountWithMandatoryField" finished-at="2024-03-08T09:25:35 IST" duration-ms="915" status="PASS">
          <reporter-output>
          </reporter-output>
        </test-method> <!-- verifyRegisteringAnAccountWithMandatoryField -->
        <test-method is-config="true" signature="tearDown()[pri:0, instance:org.project.qa.testcases.Register@2cd2a21f]" started-at="2024-03-08T09:25:35 IST" name="tearDown" finished-at="2024-03-08T09:25:35 IST" duration-ms="189" status="PASS">
          <reporter-output>
          </reporter-output>
        </test-method> <!-- tearDown -->
        <test-method is-config="true" signature="openUrl()[pri:0, instance:org.project.qa.testcases.Register@2cd2a21f]" started-at="2024-03-08T09:25:35 IST" name="openUrl" finished-at="2024-03-08T09:25:38 IST" duration-ms="2514" status="PASS">
          <reporter-output>
          </reporter-output>
        </test-method> <!-- openUrl -->
        <test-method signature="verifyRegisteringAnAccountByProvidingAllFields()[pri:2, instance:org.project.qa.testcases.Register@2cd2a21f]" started-at="2024-03-08T09:25:38 IST" name="verifyRegisteringAnAccountByProvidingAllFields" finished-at="2024-03-08T09:25:39 IST" duration-ms="902" status="PASS">
          <reporter-output>
          </reporter-output>
        </test-method> <!-- verifyRegisteringAnAccountByProvidingAllFields -->
        <test-method is-config="true" signature="tearDown()[pri:0, instance:org.project.qa.testcases.Register@2cd2a21f]" started-at="2024-03-08T09:25:39 IST" name="tearDown" finished-at="2024-03-08T09:25:39 IST" duration-ms="126" status="PASS">
          <reporter-output>
          </reporter-output>
        </test-method> <!-- tearDown -->
        <test-method is-config="true" signature="openUrl()[pri:0, instance:org.project.qa.testcases.Register@2cd2a21f]" started-at="2024-03-08T09:25:39 IST" name="openUrl" finished-at="2024-03-08T09:25:41 IST" duration-ms="2176" status="PASS">
          <reporter-output>
          </reporter-output>
        </test-method> <!-- openUrl -->
        <test-method signature="verifyRegisteringAnAccountByProvidingExistingEmail()[pri:3, instance:org.project.qa.testcases.Register@2cd2a21f]" started-at="2024-03-08T09:25:41 IST" name="verifyRegisteringAnAccountByProvidingExistingEmail" finished-at="2024-03-08T09:25:41 IST" duration-ms="673" status="PASS">
          <reporter-output>
          </reporter-output>
        </test-method> <!-- verifyRegisteringAnAccountByProvidingExistingEmail -->
        <test-method is-config="true" signature="tearDown()[pri:0, instance:org.project.qa.testcases.Register@2cd2a21f]" started-at="2024-03-08T09:25:41 IST" name="tearDown" finished-at="2024-03-08T09:25:42 IST" duration-ms="128" status="PASS">
          <reporter-output>
          </reporter-output>
        </test-method> <!-- tearDown -->
        <test-method is-config="true" signature="openUrl()[pri:0, instance:org.project.qa.testcases.Register@2cd2a21f]" started-at="2024-03-08T09:25:42 IST" name="openUrl" finished-at="2024-03-08T09:25:44 IST" duration-ms="2113" status="PASS">
          <reporter-output>
          </reporter-output>
        </test-method> <!-- openUrl -->
        <test-method signature="verifyRegisteringAnAccountWithoutFillingAnyDetails()[pri:4, instance:org.project.qa.testcases.Register@2cd2a21f]" started-at="2024-03-08T09:25:44 IST" name="verifyRegisteringAnAccountWithoutFillingAnyDetails" finished-at="2024-03-08T09:25:44 IST" duration-ms="320" status="PASS">
          <reporter-output>
          </reporter-output>
        </test-method> <!-- verifyRegisteringAnAccountWithoutFillingAnyDetails -->
        <test-method is-config="true" signature="tearDown()[pri:0, instance:org.project.qa.testcases.Register@2cd2a21f]" started-at="2024-03-08T09:25:44 IST" name="tearDown" finished-at="2024-03-08T09:25:44 IST" duration-ms="116" status="PASS">
          <reporter-output>
          </reporter-output>
        </test-method> <!-- tearDown -->
      </class> <!-- org.project.qa.testcases.Register -->
    </test> <!-- AutomationPracticeApp -->
  </suite> <!-- Default Suite -->
</testng-results>
